  Game.cpp
C:\Users\HP\Desktop\CS Playground\SFML\COMP 4300\Polygon Slayer\src\Game.cpp(336,22): warning C4018: '<': signed/unsigned mismatch
C:\Users\HP\Desktop\CS Playground\SFML\COMP 4300\Polygon Slayer\src\Game.cpp(353,22): warning C4018: '<': signed/unsigned mismatch
C:\Users\HP\Desktop\CS Playground\SFML\COMP 4300\Polygon Slayer\src\Game.cpp(403,10): warning C4244: 'initializing': conversion from 'int' to 'float', possible loss of data
C:\Users\HP\Desktop\CS Playground\SFML\COMP 4300\Polygon Slayer\src\Game.cpp(404,10): warning C4244: 'initializing': conversion from 'int' to 'float', possible loss of data
C:\Users\HP\Desktop\CS Playground\SFML\COMP 4300\Polygon Slayer\src\Game.cpp(408,13): warning C4244: 'initializing': conversion from 'int' to 'float', possible loss of data
C:\Users\HP\Desktop\CS Playground\SFML\COMP 4300\Polygon Slayer\src\Game.cpp(409,13): warning C4244: 'initializing': conversion from 'int' to 'float', possible loss of data
C:\Users\HP\Desktop\CS Playground\SFML\COMP 4300\Polygon Slayer\src\Game.cpp(412,34): warning C4244: 'argument': conversion from 'float' to 'int', possible loss of data
C:\Users\HP\Desktop\CS Playground\SFML\COMP 4300\Polygon Slayer\src\Game.cpp(412,25): warning C4244: 'argument': conversion from 'float' to 'int', possible loss of data
C:\Users\HP\Desktop\CS Playground\SFML\COMP 4300\Polygon Slayer\src\Game.cpp(442,15): warning C4267: 'initializing': conversion from 'size_t' to 'int', possible loss of data
C:\Users\HP\Desktop\CS Playground\SFML\COMP 4300\Polygon Slayer\src\Game.cpp(453,14): warning C4244: 'initializing': conversion from 'double' to 'float', possible loss of data
C:\Users\HP\Desktop\CS Playground\SFML\COMP 4300\Polygon Slayer\src\Game.cpp(454,14): warning C4244: 'initializing': conversion from 'double' to 'float', possible loss of data
C:\Program Files\Microsoft Visual Studio\2022\Community\VC\Tools\MSVC\14.38.33130\include\xutility(241,76): warning C4244: 'argument': conversion from 'int' to 'float', possible loss of data
  (compiling source file 'src/Game.cpp')
  C:\Program Files\Microsoft Visual Studio\2022\Community\VC\Tools\MSVC\14.38.33130\include\xutility(241,76):
  the template instantiation context (the oldest one first) is
  	C:\Users\HP\Desktop\CS Playground\SFML\COMP 4300\Polygon Slayer\src\Game.cpp(384,24):
  	see reference to function template instantiation 'std::shared_ptr<CShape> std::make_shared<CShape,int&,int&,sf::Color&,sf::Color&,int&>(int &,int &,sf::Color &,sf::Color &,int &)' being compiled
  	C:\Program Files\Microsoft Visual Studio\2022\Community\VC\Tools\MSVC\14.38.33130\include\memory(2769,46):
  	see reference to function template instantiation 'std::_Ref_count_obj2<CShape>::_Ref_count_obj2<int&,int&,sf::Color&,sf::Color&,int&>(int &,int &,sf::Color &,sf::Color &,int &)' being compiled
  	C:\Program Files\Microsoft Visual Studio\2022\Community\VC\Tools\MSVC\14.38.33130\include\memory(2094,18):
  	see reference to function template instantiation 'void std::_Construct_in_place<_Ty,int&,int&,sf::Color&,sf::Color&,int&>(_Ty &,int &,int &,sf::Color &,sf::Color &,int &) noexcept(false)' being compiled
          with
          [
              _Ty=CShape
          ]
  	C:\Program Files\Microsoft Visual Studio\2022\Community\VC\Tools\MSVC\14.38.33130\include\xutility(251,14):
  	see reference to function template instantiation '_Ty *std::construct_at<_Ty,int&,int&,sf::Color&,sf::Color&,int&,0x0>(_Ty *const ,int &,int &,sf::Color &,sf::Color &,int &) noexcept(<expr>)' being compiled
          with
          [
              _Ty=CShape
          ]
  
C:\Program Files\Microsoft Visual Studio\2022\Community\VC\Tools\MSVC\14.38.33130\include\xutility(255,82): warning C4244: 'argument': conversion from 'int' to 'float', possible loss of data
  (compiling source file 'src/Game.cpp')
  
C:\Program Files\Microsoft Visual Studio\2022\Community\VC\Tools\MSVC\14.38.33130\include\xutility(241,76): warning C4244: 'argument': conversion from '_Ty' to 'float', possible loss of data
C:\Program Files\Microsoft Visual Studio\2022\Community\VC\Tools\MSVC\14.38.33130\include\xutility(241,76): warning C4244:         with
C:\Program Files\Microsoft Visual Studio\2022\Community\VC\Tools\MSVC\14.38.33130\include\xutility(241,76): warning C4244:         [
C:\Program Files\Microsoft Visual Studio\2022\Community\VC\Tools\MSVC\14.38.33130\include\xutility(241,76): warning C4244:             _Ty=int
C:\Program Files\Microsoft Visual Studio\2022\Community\VC\Tools\MSVC\14.38.33130\include\xutility(241,76): warning C4244:         ]
  (compiling source file 'src/Game.cpp')
  C:\Program Files\Microsoft Visual Studio\2022\Community\VC\Tools\MSVC\14.38.33130\include\xutility(241,76):
  the template instantiation context (the oldest one first) is
  	C:\Users\HP\Desktop\CS Playground\SFML\COMP 4300\Polygon Slayer\src\Game.cpp(472,9):
  	see reference to function template instantiation 'std::shared_ptr<CCollision> std::make_shared<CCollision,int>(int &&)' being compiled
  	C:\Program Files\Microsoft Visual Studio\2022\Community\VC\Tools\MSVC\14.38.33130\include\memory(2769,46):
  	see reference to function template instantiation 'std::_Ref_count_obj2<CCollision>::_Ref_count_obj2<_Ty>(_Ty &&)' being compiled
          with
          [
              _Ty=int
          ]
  	C:\Program Files\Microsoft Visual Studio\2022\Community\VC\Tools\MSVC\14.38.33130\include\memory(2094,18):
  	see reference to function template instantiation 'void std::_Construct_in_place<_Ty,int>(_Ty &,int &&) noexcept(false)' being compiled
          with
          [
              _Ty=CCollision
          ]
  	C:\Program Files\Microsoft Visual Studio\2022\Community\VC\Tools\MSVC\14.38.33130\include\xutility(251,14):
  	see reference to function template instantiation '_Ty *std::construct_at<_Ty,int,0x0>(_Ty *const ,int &&) noexcept(<expr>)' being compiled
          with
          [
              _Ty=CCollision
          ]
  
C:\Program Files\Microsoft Visual Studio\2022\Community\VC\Tools\MSVC\14.38.33130\include\xutility(255,82): warning C4244: 'argument': conversion from '_Ty' to 'float', possible loss of data
C:\Program Files\Microsoft Visual Studio\2022\Community\VC\Tools\MSVC\14.38.33130\include\xutility(255,82): warning C4244:         with
C:\Program Files\Microsoft Visual Studio\2022\Community\VC\Tools\MSVC\14.38.33130\include\xutility(255,82): warning C4244:         [
C:\Program Files\Microsoft Visual Studio\2022\Community\VC\Tools\MSVC\14.38.33130\include\xutility(255,82): warning C4244:             _Ty=int
C:\Program Files\Microsoft Visual Studio\2022\Community\VC\Tools\MSVC\14.38.33130\include\xutility(255,82): warning C4244:         ]
  (compiling source file 'src/Game.cpp')
  
C:\Program Files\Microsoft Visual Studio\2022\Community\VC\Tools\MSVC\14.38.33130\include\xutility(242,90): warning C4244: 'argument': conversion from 'int' to 'float', possible loss of data
  (compiling source file 'src/Game.cpp')
  C:\Program Files\Microsoft Visual Studio\2022\Community\VC\Tools\MSVC\14.38.33130\include\xutility(242,90):
  the template instantiation context (the oldest one first) is
  	C:\Program Files\Microsoft Visual Studio\2022\Community\VC\Tools\MSVC\14.38.33130\include\memory(2094,18):
  	see reference to function template instantiation 'void std::_Construct_in_place<_Ty,int&,int&,sf::Color&,sf::Color&,int&>(_Ty &,int &,int &,sf::Color &,sf::Color &,int &) noexcept(false)' being compiled
          with
          [
              _Ty=CShape
          ]
  	C:\Program Files\Microsoft Visual Studio\2022\Community\VC\Tools\MSVC\14.38.33130\include\xutility(251,14):
  	see reference to function template instantiation '_Ty *std::construct_at<_Ty,int&,int&,sf::Color&,sf::Color&,int&,0x0>(_Ty *const ,int &,int &,sf::Color &,sf::Color &,int &) noexcept(false)' being compiled
          with
          [
              _Ty=CShape
          ]
  
C:\Program Files\Microsoft Visual Studio\2022\Community\VC\Tools\MSVC\14.38.33130\include\xutility(242,90): warning C4244: 'argument': conversion from '_Ty' to 'float', possible loss of data
C:\Program Files\Microsoft Visual Studio\2022\Community\VC\Tools\MSVC\14.38.33130\include\xutility(242,90): warning C4244:         with
C:\Program Files\Microsoft Visual Studio\2022\Community\VC\Tools\MSVC\14.38.33130\include\xutility(242,90): warning C4244:         [
C:\Program Files\Microsoft Visual Studio\2022\Community\VC\Tools\MSVC\14.38.33130\include\xutility(242,90): warning C4244:             _Ty=int
C:\Program Files\Microsoft Visual Studio\2022\Community\VC\Tools\MSVC\14.38.33130\include\xutility(242,90): warning C4244:         ]
  (compiling source file 'src/Game.cpp')
  C:\Program Files\Microsoft Visual Studio\2022\Community\VC\Tools\MSVC\14.38.33130\include\xutility(242,90):
  the template instantiation context (the oldest one first) is
  	C:\Program Files\Microsoft Visual Studio\2022\Community\VC\Tools\MSVC\14.38.33130\include\memory(2094,18):
  	see reference to function template instantiation 'void std::_Construct_in_place<_Ty,int>(_Ty &,int &&) noexcept(false)' being compiled
          with
          [
              _Ty=CCollision
          ]
  	C:\Program Files\Microsoft Visual Studio\2022\Community\VC\Tools\MSVC\14.38.33130\include\xutility(251,14):
  	see reference to function template instantiation '_Ty *std::construct_at<_Ty,int,0x0>(_Ty *const ,int &&) noexcept(false)' being compiled
          with
          [
              _Ty=CCollision
          ]
  
  Polygon Slayer.vcxproj -> C:\Users\HP\Desktop\CS Playground\SFML\COMP 4300\Polygon Slayer\x64\Debug\Polygon Slayer.exe
